  queueAPI.cpp
c:\program files (x86)\microsoft visual studio\2017\professional\vc\tools\msvc\14.10.25017\include\xutility(2310): error C2679: 二进制“=”: 没有找到接受“const Person”类型的右操作数的运算符(或没有可接受的转换)
  d:\code\c++_project\课堂练习\queueapi\queueapi\queueapi.cpp(33): note: 可能是“Person &Person::operator =(Person &)”
  c:\program files (x86)\microsoft visual studio\2017\professional\vc\tools\msvc\14.10.25017\include\xutility(2310): note: 尝试匹配参数列表“(Person, const Person)”时
  c:\program files (x86)\microsoft visual studio\2017\professional\vc\tools\msvc\14.10.25017\include\xutility(2329): note: 参见对正在编译的函数 模板 实例化“_OutIt std::_Copy_unchecked1<_InIt,_OutIt>(_InIt,_InIt,_OutIt,std::_General_ptr_iterator_tag)”的引用
          with
          [
              _OutIt=std::_Deque_unchecked_iterator<std::_Deque_val<std::_Deque_simple_types<Person>>>,
              _InIt=std::_Deque_unchecked_const_iterator<std::_Deque_val<std::_Deque_simple_types<Person>>>
          ]
  c:\program files (x86)\microsoft visual studio\2017\professional\vc\tools\msvc\14.10.25017\include\xutility(2342): note: 参见对正在编译的函数 模板 实例化“_OutIt std::_Copy_unchecked<std::_Deque_unchecked_const_iterator<_Mydeque>,std::_Deque_unchecked_iterator<_Mydeque>>(_InIt,_InIt,_OutIt)”的引用
          with
          [
              _OutIt=std::_Deque_unchecked_iterator<std::_Deque_val<std::_Deque_simple_types<Person>>>,
              _Mydeque=std::_Deque_val<std::_Deque_simple_types<Person>>,
              _InIt=std::_Deque_unchecked_const_iterator<std::_Deque_val<std::_Deque_simple_types<Person>>>
          ]
  c:\program files (x86)\microsoft visual studio\2017\professional\vc\tools\msvc\14.10.25017\include\xutility(2351): note: 参见对正在编译的函数 模板 实例化“_OutIt std::_Copy_no_deprecate<_InIt,_OutIt>(_InIt,_InIt,_OutIt)”的引用
          with
          [
              _OutIt=std::_Deque_iterator<std::_Deque_val<std::_Deque_simple_types<Person>>>,
              _InIt=std::_Deque_const_iterator<std::_Deque_val<std::_Deque_simple_types<Person>>>
          ]
  c:\program files (x86)\microsoft visual studio\2017\professional\vc\tools\msvc\14.10.25017\include\deque(1269): note: 参见对正在编译的函数 模板 实例化“_OutIt std::copy<std::_Deque_const_iterator<std::_Deque_val<std::_Deque_simple_types<Person>>>,std::_Deque_iterator<std::_Deque_val<std::_Deque_simple_types<Person>>>>(_InIt,_InIt,_OutIt)”的引用
          with
          [
              _OutIt=std::_Deque_iterator<std::_Deque_val<std::_Deque_simple_types<Person>>>,
              _InIt=std::_Deque_const_iterator<std::_Deque_val<std::_Deque_simple_types<Person>>>
          ]
  c:\program files (x86)\microsoft visual studio\2017\professional\vc\tools\msvc\14.10.25017\include\deque(1248): note: 编译 类 模板 成员函数 "std::deque<_Ty,std::allocator<_Ty>> &std::deque<_Ty,std::allocator<_Ty>>::operator =(const std::deque<_Ty,std::allocator<_Ty>> &)" 时
          with
          [
              _Ty=Person
          ]
  d:\code\c++_project\课堂练习\queueapi\queueapi\queueapi.cpp(90): note: 参见对正在编译的函数 模板 实例化“std::deque<_Ty,std::allocator<_Ty>> &std::deque<_Ty,std::allocator<_Ty>>::operator =(const std::deque<_Ty,std::allocator<_Ty>> &)”的引用
          with
          [
              _Ty=Person
          ]
  c:\program files (x86)\microsoft visual studio\2017\professional\vc\tools\msvc\14.10.25017\include\queue(24): note: 参见对正在编译的 类 模板 实例化 "std::deque<_Ty,std::allocator<_Ty>>" 的引用
          with
          [
              _Ty=Person
          ]
  d:\code\c++_project\课堂练习\queueapi\queueapi\queueapi.cpp(54): note: 参见对正在编译的 类 模板 实例化 "std::queue<Person,std::deque<_Ty,std::allocator<_Ty>>>" 的引用
          with
          [
              _Ty=Person
          ]
